2014/06/27 04:36:41 [error] [exception.CException] exception 'CException' with message 'CAssetManager.basePath "D:\wamp\www\trippytripper\assets" is invalid. Please make sure the directory exists and is writable by the Web server process.' in D:\wamp\www\yiiframework\web\CAssetManager.php:138
Stack trace:
#0 D:\wamp\www\yiiframework\web\CAssetManager.php(123): CAssetManager->setBasePath('D:\wamp\www\tri...')
#1 D:\wamp\www\yiiframework\web\CAssetManager.php(217): CAssetManager->getBasePath()
#2 D:\wamp\www\trippytripper\protected\widgets\notis\Notis.php(6): CAssetManager->publish('D:\wamp\www\tri...')
#3 D:\wamp\www\yiiframework\web\CBaseController.php(147): Notis->init()
#4 D:\wamp\www\yiiframework\web\CBaseController.php(172): CBaseController->createWidget('application.wid...', Array)
#5 D:\wamp\www\trippytripper\protected\views\layouts\main.php(34): CBaseController->widget('application.wid...')
#6 D:\wamp\www\yiiframework\web\CBaseController.php(126): require('D:\wamp\www\tri...')
#7 D:\wamp\www\yiiframework\web\CBaseController.php(95): CBaseController->renderInternal('D:\wamp\www\tri...', Array, true)
#8 D:\wamp\www\yiiframework\web\widgets\CContentDecorator.php(76): CBaseController->renderFile('D:\wamp\www\tri...', Array, true)
#9 D:\wamp\www\yiiframework\web\widgets\CContentDecorator.php(54): CContentDecorator->decorate('<div class="con...')
#10 D:\wamp\www\yiiframework\web\widgets\COutputProcessor.php(44): CContentDecorator->processOutput('<div class="con...')
#11 D:\wamp\www\yiiframework\web\CBaseController.php(206): COutputProcessor->run()
#12 D:\wamp\www\yiiframework\web\CBaseController.php(300): CBaseController->endWidget('CContentDecorat...')
#13 D:\wamp\www\trippytripper\protected\views\layouts\column1.php(7): CBaseController->endContent()
#14 D:\wamp\www\yiiframework\web\CBaseController.php(126): require('D:\wamp\www\tri...')
#15 D:\wamp\www\yiiframework\web\CBaseController.php(95): CBaseController->renderInternal('D:\wamp\www\tri...', Array, true)
#16 D:\wamp\www\yiiframework\web\CController.php(784): CBaseController->renderFile('D:\wamp\www\tri...', Array, true)
#17 D:\wamp\www\trippytripper\protected\controllers\SiteController.php(17): CController->render('index', Array)
#18 D:\wamp\www\yiiframework\web\actions\CInlineAction.php(49): SiteController->actionIndex()
#19 D:\wamp\www\yiiframework\web\CController.php(308): CInlineAction->runWithParams(Array)
#20 D:\wamp\www\yiiframework\web\CController.php(286): CController->runAction(Object(CInlineAction))
#21 D:\wamp\www\yiiframework\web\CController.php(265): CController->runActionWithFilters(Object(CInlineAction), Array)
#22 D:\wamp\www\yiiframework\web\CWebApplication.php(282): CController->run('')
#23 D:\wamp\www\yiiframework\web\CWebApplication.php(141): CWebApplication->runController('')
#24 D:\wamp\www\yiiframework\base\CApplication.php(180): CWebApplication->processRequest()
#25 D:\wamp\www\trippytripper\index.php(13): CApplication->run()
#26 {main}
REQUEST_URI=/index.php
HTTP_REFERER=http://www.trippytripper.local/index.php/user/auth
---
2014/06/27 04:36:59 [error] [exception.CException] exception 'CException' with message 'CAssetManager.basePath "D:\wamp\www\trippytripper\assets" is invalid. Please make sure the directory exists and is writable by the Web server process.' in D:\wamp\www\yiiframework\web\CAssetManager.php:138
Stack trace:
#0 D:\wamp\www\yiiframework\web\CAssetManager.php(123): CAssetManager->setBasePath('D:\wamp\www\tri...')
#1 D:\wamp\www\yiiframework\web\CAssetManager.php(217): CAssetManager->getBasePath()
#2 D:\wamp\www\trippytripper\protected\widgets\notis\Notis.php(6): CAssetManager->publish('D:\wamp\www\tri...')
#3 D:\wamp\www\yiiframework\web\CBaseController.php(147): Notis->init()
#4 D:\wamp\www\yiiframework\web\CBaseController.php(172): CBaseController->createWidget('application.wid...', Array)
#5 D:\wamp\www\trippytripper\protected\views\layouts\main.php(34): CBaseController->widget('application.wid...')
#6 D:\wamp\www\yiiframework\web\CBaseController.php(126): require('D:\wamp\www\tri...')
#7 D:\wamp\www\yiiframework\web\CBaseController.php(95): CBaseController->renderInternal('D:\wamp\www\tri...', Array, true)
#8 D:\wamp\www\yiiframework\web\widgets\CContentDecorator.php(76): CBaseController->renderFile('D:\wamp\www\tri...', Array, true)
#9 D:\wamp\www\yiiframework\web\widgets\CContentDecorator.php(54): CContentDecorator->decorate('<div class="con...')
#10 D:\wamp\www\yiiframework\web\widgets\COutputProcessor.php(44): CContentDecorator->processOutput('<div class="con...')
#11 D:\wamp\www\yiiframework\web\CBaseController.php(206): COutputProcessor->run()
#12 D:\wamp\www\yiiframework\web\CBaseController.php(300): CBaseController->endWidget('CContentDecorat...')
#13 D:\wamp\www\trippytripper\protected\views\layouts\column1.php(7): CBaseController->endContent()
#14 D:\wamp\www\yiiframework\web\CBaseController.php(126): require('D:\wamp\www\tri...')
#15 D:\wamp\www\yiiframework\web\CBaseController.php(95): CBaseController->renderInternal('D:\wamp\www\tri...', Array, true)
#16 D:\wamp\www\yiiframework\web\CController.php(784): CBaseController->renderFile('D:\wamp\www\tri...', Array, true)
#17 D:\wamp\www\trippytripper\protected\controllers\SiteController.php(17): CController->render('index', Array)
#18 D:\wamp\www\yiiframework\web\actions\CInlineAction.php(49): SiteController->actionIndex()
#19 D:\wamp\www\yiiframework\web\CController.php(308): CInlineAction->runWithParams(Array)
#20 D:\wamp\www\yiiframework\web\CController.php(286): CController->runAction(Object(CInlineAction))
#21 D:\wamp\www\yiiframework\web\CController.php(265): CController->runActionWithFilters(Object(CInlineAction), Array)
#22 D:\wamp\www\yiiframework\web\CWebApplication.php(282): CController->run('')
#23 D:\wamp\www\yiiframework\web\CWebApplication.php(141): CWebApplication->runController('')
#24 D:\wamp\www\yiiframework\base\CApplication.php(180): CWebApplication->processRequest()
#25 D:\wamp\www\trippytripper\index.php(13): CApplication->run()
#26 {main}
REQUEST_URI=/index.php
HTTP_REFERER=http://www.trippytripper.local/index.php/user/auth
---
2014/08/01 20:05:31 [error] [exception.CException] exception 'CException' with message 'CAssetManager.basePath "E:\wamp\www\trippytripper\assets" is invalid. Please make sure the directory exists and is writable by the Web server process.' in E:\wamp\www\yiiframework\web\CAssetManager.php:138
Stack trace:
#0 E:\wamp\www\yiiframework\web\CAssetManager.php(123): CAssetManager->setBasePath('E:\\wamp\\www\\tri...')
#1 E:\wamp\www\yiiframework\web\CAssetManager.php(217): CAssetManager->getBasePath()
#2 E:\wamp\www\yiiframework\web\CClientScript.php(510): CAssetManager->publish('E:\\wamp\\www\\yii...')
#3 E:\wamp\www\yiiframework\web\CClientScript.php(547): CClientScript->getCoreScriptUrl()
#4 E:\wamp\www\yiiframework\web\CClientScript.php(348): CClientScript->getPackageBaseUrl('jquery')
#5 E:\wamp\www\yiiframework\web\CClientScript.php(208): CClientScript->renderCoreScripts()
#6 E:\wamp\www\yiiframework\web\CController.php(351): CClientScript->render('<!DOCTYPE html ...')
#7 E:\wamp\www\yiiframework\web\CController.php(788): CController->processOutput('<!DOCTYPE html ...')
#8 E:\wamp\www\trippytripper\protected\controllers\SiteController.php(21): CController->render('index', Array)
#9 E:\wamp\www\yiiframework\web\actions\CInlineAction.php(49): SiteController->actionIndex()
#10 E:\wamp\www\yiiframework\web\CController.php(308): CInlineAction->runWithParams(Array)
#11 E:\wamp\www\yiiframework\web\CController.php(286): CController->runAction(Object(CInlineAction))
#12 E:\wamp\www\yiiframework\web\CController.php(265): CController->runActionWithFilters(Object(CInlineAction), Array)
#13 E:\wamp\www\yiiframework\web\CWebApplication.php(282): CController->run('')
#14 E:\wamp\www\yiiframework\web\CWebApplication.php(141): CWebApplication->runController('')
#15 E:\wamp\www\yiiframework\base\CApplication.php(180): CWebApplication->processRequest()
#16 E:\wamp\www\trippytripper\index.php(13): CApplication->run()
#17 {main}
REQUEST_URI=/
---
2014/08/01 20:10:27 [error] [php] Static function PcBaseArModel::getCreatorRelationName() should not be abstract (E:\wamp\www\trippytripper\protected\components\PcBaseArModel.php:330)
Stack trace:
#0 E:\wamp\www\trippytripper\protected\modules\PcStarRank\models\Ranking.php(19): spl_autoload_call()
#1 E:\wamp\www\yiiframework\YiiBase.php(427): include()
#2 unknown(0): autoload()
#3 E:\wamp\www\trippytripper\protected\modules\PcStarRank\extensions\PcStarRankWidget\PcStarRankWidget.php(78): spl_autoload_call()
#4 E:\wamp\www\yiiframework\web\CBaseController.php(147): PcStarRankWidget->init()
#5 E:\wamp\www\yiiframework\web\CBaseController.php(172): TripController->createWidget()
#6 E:\wamp\www\trippytripper\protected\views\trip\_list.php(14): TripController->widget()
#7 E:\wamp\www\yiiframework\web\CBaseController.php(126): require()
#8 E:\wamp\www\yiiframework\web\CBaseController.php(95): TripController->renderInternal()
#9 E:\wamp\www\yiiframework\web\CController.php(869): TripController->renderFile()
#10 E:\wamp\www\trippytripper\protected\views\trip\search_trip.php(40): TripController->renderPartial()
#11 E:\wamp\www\yiiframework\web\CBaseController.php(126): require()
#12 E:\wamp\www\yiiframework\web\CBaseController.php(95): TripController->renderInternal()
#13 E:\wamp\www\yiiframework\web\CController.php(869): TripController->renderFile()
#14 E:\wamp\www\yiiframework\web\CController.php(782): TripController->renderPartial()
#15 E:\wamp\www\trippytripper\protected\controllers\TripController.php(262): TripController->render()
#16 E:\wamp\www\yiiframework\web\actions\CInlineAction.php(49): TripController->actionSearchTrip()
#17 E:\wamp\www\yiiframework\web\CController.php(308): CInlineAction->runWithParams()
#18 E:\wamp\www\yiiframework\web\CController.php(286): TripController->runAction()
#19 E:\wamp\www\yiiframework\web\CController.php(265): TripController->runActionWithFilters()
#20 E:\wamp\www\yiiframework\web\CWebApplication.php(282): TripController->run()
#21 E:\wamp\www\yiiframework\web\CWebApplication.php(141): CWebApplication->runController()
#22 E:\wamp\www\yiiframework\base\CApplication.php(180): CWebApplication->processRequest()
#23 E:\wamp\www\trippytripper\index.php(13): CWebApplication->run()
REQUEST_URI=/index.php/trip/searchTrip
2014/08/01 20:11:17 [error] [php] Static function PcBaseArModel::getCreatorRelationName() should not be abstract (E:\wamp\www\trippytripper\protected\components\PcBaseArModel.php:330)
Stack trace:
#0 E:\wamp\www\trippytripper\protected\modules\PcStarRank\models\Ranking.php(19): spl_autoload_call()
#1 E:\wamp\www\yiiframework\YiiBase.php(427): include()
#2 unknown(0): autoload()
#3 E:\wamp\www\trippytripper\protected\modules\PcStarRank\extensions\PcStarRankWidget\PcStarRankWidget.php(78): spl_autoload_call()
#4 E:\wamp\www\yiiframework\web\CBaseController.php(147): PcStarRankWidget->init()
#5 E:\wamp\www\yiiframework\web\CBaseController.php(172): TripController->createWidget()
#6 E:\wamp\www\trippytripper\protected\views\trip\_list.php(14): TripController->widget()
#7 E:\wamp\www\yiiframework\web\CBaseController.php(126): require()
#8 E:\wamp\www\yiiframework\web\CBaseController.php(95): TripController->renderInternal()
#9 E:\wamp\www\yiiframework\web\CController.php(869): TripController->renderFile()
#10 E:\wamp\www\trippytripper\protected\views\trip\search_trip.php(40): TripController->renderPartial()
#11 E:\wamp\www\yiiframework\web\CBaseController.php(126): require()
#12 E:\wamp\www\yiiframework\web\CBaseController.php(95): TripController->renderInternal()
#13 E:\wamp\www\yiiframework\web\CController.php(869): TripController->renderFile()
#14 E:\wamp\www\yiiframework\web\CController.php(782): TripController->renderPartial()
#15 E:\wamp\www\trippytripper\protected\controllers\TripController.php(262): TripController->render()
#16 E:\wamp\www\yiiframework\web\actions\CInlineAction.php(49): TripController->actionSearchTrip()
#17 E:\wamp\www\yiiframework\web\CController.php(308): CInlineAction->runWithParams()
#18 E:\wamp\www\yiiframework\web\CController.php(286): TripController->runAction()
#19 E:\wamp\www\yiiframework\web\CController.php(265): TripController->runActionWithFilters()
#20 E:\wamp\www\yiiframework\web\CWebApplication.php(282): TripController->run()
#21 E:\wamp\www\yiiframework\web\CWebApplication.php(141): CWebApplication->runController()
#22 E:\wamp\www\yiiframework\base\CApplication.php(180): CWebApplication->processRequest()
#23 E:\wamp\www\trippytripper\index.php(13): CWebApplication->run()
REQUEST_URI=/index.php/trip/searchTrip
2014/08/01 20:11:26 [error] [php] Static function PcBaseArModel::getCreatorRelationName() should not be abstract (E:\wamp\www\trippytripper\protected\components\PcBaseArModel.php:330)
Stack trace:
#0 E:\wamp\www\trippytripper\protected\modules\PcStarRank\models\Ranking.php(19): spl_autoload_call()
#1 E:\wamp\www\yiiframework\YiiBase.php(427): include()
#2 unknown(0): autoload()
#3 E:\wamp\www\trippytripper\protected\modules\PcStarRank\extensions\PcStarRankWidget\PcStarRankWidget.php(78): spl_autoload_call()
#4 E:\wamp\www\yiiframework\web\CBaseController.php(147): PcStarRankWidget->init()
#5 E:\wamp\www\yiiframework\web\CBaseController.php(172): TripController->createWidget()
#6 E:\wamp\www\trippytripper\protected\views\trip\_list.php(14): TripController->widget()
#7 E:\wamp\www\yiiframework\web\CBaseController.php(126): require()
#8 E:\wamp\www\yiiframework\web\CBaseController.php(95): TripController->renderInternal()
#9 E:\wamp\www\yiiframework\web\CController.php(869): TripController->renderFile()
#10 E:\wamp\www\trippytripper\protected\views\trip\search_trip.php(40): TripController->renderPartial()
#11 E:\wamp\www\yiiframework\web\CBaseController.php(126): require()
#12 E:\wamp\www\yiiframework\web\CBaseController.php(95): TripController->renderInternal()
#13 E:\wamp\www\yiiframework\web\CController.php(869): TripController->renderFile()
#14 E:\wamp\www\yiiframework\web\CController.php(782): TripController->renderPartial()
#15 E:\wamp\www\trippytripper\protected\controllers\TripController.php(262): TripController->render()
#16 E:\wamp\www\yiiframework\web\actions\CInlineAction.php(49): TripController->actionSearchTrip()
#17 E:\wamp\www\yiiframework\web\CController.php(308): CInlineAction->runWithParams()
#18 E:\wamp\www\yiiframework\web\CController.php(286): TripController->runAction()
#19 E:\wamp\www\yiiframework\web\CController.php(265): TripController->runActionWithFilters()
#20 E:\wamp\www\yiiframework\web\CWebApplication.php(282): TripController->run()
#21 E:\wamp\www\yiiframework\web\CWebApplication.php(141): CWebApplication->runController()
#22 E:\wamp\www\yiiframework\base\CApplication.php(180): CWebApplication->processRequest()
#23 E:\wamp\www\trippytripper\index.php(13): CWebApplication->run()
REQUEST_URI=/index.php/trip/searchTrip
2014/08/01 20:11:57 [error] [php] Static function PcBaseArModel::getCreatorRelationName() should not be abstract (E:\wamp\www\trippytripper\protected\components\PcBaseArModel.php:330)
Stack trace:
#0 E:\wamp\www\trippytripper\protected\modules\PcStarRank\models\Ranking.php(19): spl_autoload_call()
#1 E:\wamp\www\yiiframework\YiiBase.php(427): include()
#2 unknown(0): autoload()
#3 E:\wamp\www\trippytripper\protected\modules\PcStarRank\extensions\PcStarRankWidget\PcStarRankWidget.php(78): spl_autoload_call()
#4 E:\wamp\www\yiiframework\web\CBaseController.php(147): PcStarRankWidget->init()
#5 E:\wamp\www\yiiframework\web\CBaseController.php(172): TripController->createWidget()
#6 E:\wamp\www\trippytripper\protected\views\trip\_list.php(14): TripController->widget()
#7 E:\wamp\www\yiiframework\web\CBaseController.php(126): require()
#8 E:\wamp\www\yiiframework\web\CBaseController.php(95): TripController->renderInternal()
#9 E:\wamp\www\yiiframework\web\CController.php(869): TripController->renderFile()
#10 E:\wamp\www\trippytripper\protected\views\trip\search_trip.php(40): TripController->renderPartial()
#11 E:\wamp\www\yiiframework\web\CBaseController.php(126): require()
#12 E:\wamp\www\yiiframework\web\CBaseController.php(95): TripController->renderInternal()
#13 E:\wamp\www\yiiframework\web\CController.php(869): TripController->renderFile()
#14 E:\wamp\www\yiiframework\web\CController.php(782): TripController->renderPartial()
#15 E:\wamp\www\trippytripper\protected\controllers\TripController.php(262): TripController->render()
#16 E:\wamp\www\yiiframework\web\actions\CInlineAction.php(49): TripController->actionSearchTrip()
#17 E:\wamp\www\yiiframework\web\CController.php(308): CInlineAction->runWithParams()
#18 E:\wamp\www\yiiframework\web\CController.php(286): TripController->runAction()
#19 E:\wamp\www\yiiframework\web\CController.php(265): TripController->runActionWithFilters()
#20 E:\wamp\www\yiiframework\web\CWebApplication.php(282): TripController->run()
#21 E:\wamp\www\yiiframework\web\CWebApplication.php(141): CWebApplication->runController()
#22 E:\wamp\www\yiiframework\base\CApplication.php(180): CWebApplication->processRequest()
#23 E:\wamp\www\trippytripper\index.php(13): CWebApplication->run()
REQUEST_URI=/index.php/trip/searchTrip
2014/08/01 20:35:55 [error] [php] include(NfyDbQueue.php): failed to open stream: No such file or directory (E:\wamp\www\yiiframework\YiiBase.php:427)
Stack trace:
#0 E:\wamp\www\trippytripper\protected\views\site\about.php(7): spl_autoload_call()
#1 E:\wamp\www\yiiframework\web\CBaseController.php(126): require()
#2 E:\wamp\www\yiiframework\web\CBaseController.php(95): SiteController->renderInternal()
#3 E:\wamp\www\yiiframework\web\CController.php(869): SiteController->renderFile()
#4 E:\wamp\www\yiiframework\web\CController.php(782): SiteController->renderPartial()
#5 E:\wamp\www\trippytripper\protected\controllers\SiteController.php(31): SiteController->render()
#6 E:\wamp\www\yiiframework\web\actions\CInlineAction.php(49): SiteController->actionAbout()
#7 E:\wamp\www\yiiframework\web\CController.php(308): CInlineAction->runWithParams()
#8 E:\wamp\www\yiiframework\web\CController.php(286): SiteController->runAction()
#9 E:\wamp\www\yiiframework\web\CController.php(265): SiteController->runActionWithFilters()
#10 E:\wamp\www\yiiframework\web\CWebApplication.php(282): SiteController->run()
#11 E:\wamp\www\yiiframework\web\CWebApplication.php(141): CWebApplication->runController()
#12 E:\wamp\www\yiiframework\base\CApplication.php(180): CWebApplication->processRequest()
#13 E:\wamp\www\trippytripper\index.php(13): CWebApplication->run()
REQUEST_URI=/index.php/site/about
2014/08/01 20:36:33 [error] [php] include(WebNotifications.php): failed to open stream: No such file or directory (E:\wamp\www\yiiframework\YiiBase.php:427)
Stack trace:
#0 E:\wamp\www\trippytripper\protected\views\site\about.php(16): spl_autoload_call()
#1 E:\wamp\www\yiiframework\web\CBaseController.php(126): require()
#2 E:\wamp\www\yiiframework\web\CBaseController.php(95): SiteController->renderInternal()
#3 E:\wamp\www\yiiframework\web\CController.php(869): SiteController->renderFile()
#4 E:\wamp\www\yiiframework\web\CController.php(782): SiteController->renderPartial()
#5 E:\wamp\www\trippytripper\protected\controllers\SiteController.php(31): SiteController->render()
#6 E:\wamp\www\yiiframework\web\actions\CInlineAction.php(49): SiteController->actionAbout()
#7 E:\wamp\www\yiiframework\web\CController.php(308): CInlineAction->runWithParams()
#8 E:\wamp\www\yiiframework\web\CController.php(286): SiteController->runAction()
#9 E:\wamp\www\yiiframework\web\CController.php(265): SiteController->runActionWithFilters()
#10 E:\wamp\www\yiiframework\web\CWebApplication.php(282): SiteController->run()
#11 E:\wamp\www\yiiframework\web\CWebApplication.php(141): CWebApplication->runController()
#12 E:\wamp\www\yiiframework\base\CApplication.php(180): CWebApplication->processRequest()
#13 E:\wamp\www\trippytripper\index.php(13): CWebApplication->run()
REQUEST_URI=/index.php/site/about
